<?xml version="1.0" encoding="UTF-8"?>
<testng-results ignored="0" total="1" passed="1" failed="0" skipped="0">
  <reporter-output>
  </reporter-output>
  <suite started-at="2021-12-09T17:50:44Z" name="Suite" finished-at="2021-12-09T17:50:46Z" duration-ms="2888">
    <groups>
    </groups>
    <test started-at="2021-12-09T17:50:44Z" name="Test" finished-at="2021-12-09T17:50:46Z" duration-ms="2888">
      <class name="g.NewTest">
        <test-method signature="f()[pri:0, instance:g.NewTest@4167d97b]" started-at="2021-12-09T17:50:44Z" name="f" finished-at="2021-12-09T17:50:46Z" duration-ms="2871" status="PASS">
          <reporter-output>
          </reporter-output>
        </test-method> <!-- f -->
      </class> <!-- g.NewTest -->
    </test> <!-- Test -->
  </suite> <!-- Suite -->
</testng-results>
