<?xml version="1.0" encoding="UTF-8"?>
<testng-results ignored="0" total="1" passed="1" failed="0" skipped="0">
  <reporter-output>
  </reporter-output>
  <suite started-at="2021-12-10T06:54:09Z" name="Default suite" finished-at="2021-12-10T06:54:46Z" duration-ms="37183">
    <groups>
    </groups>
    <test started-at="2021-12-10T06:54:09Z" name="Default test" finished-at="2021-12-10T06:54:46Z" duration-ms="37183">
      <class name="g.NewTest">
        <test-method signature="f()[pri:0, instance:g.NewTest@291f18]" started-at="2021-12-10T06:54:09Z" name="f" finished-at="2021-12-10T06:54:46Z" duration-ms="37161" status="PASS">
          <reporter-output>
          </reporter-output>
        </test-method> <!-- f -->
      </class> <!-- g.NewTest -->
    </test> <!-- Default test -->
  </suite> <!-- Default suite -->
</testng-results>
